<?xml version="1.0" encoding="UTF-8"?>
<testng-results ignored="0" total="3" passed="3" failed="0" skipped="0">
  <reporter-output>
  </reporter-output>
  <suite started-at="2022-10-25T13:46:10 BDT" name="Regression" finished-at="2022-10-25T13:46:34 BDT" duration-ms="23414">
    <groups>
    </groups>
    <test started-at="2022-10-25T13:46:10 BDT" name="UITest" finished-at="2022-10-25T13:46:34 BDT" duration-ms="23414">
      <class name="com.internet.herokuapp.testCases.ABTesting">
        <test-method is-config="true" signature="beforeClass()[pri:0, instance:com.internet.herokuapp.testCases.ABTesting@479460a6]" started-at="2022-10-25T13:46:10 BDT" name="beforeClass" finished-at="2022-10-25T13:46:12 BDT" duration-ms="2027" status="PASS">
          <reporter-output>
          </reporter-output>
        </test-method> <!-- beforeClass -->
        <test-method is-config="true" signature="beforeMethod()[pri:0, instance:com.internet.herokuapp.testCases.ABTesting@479460a6]" started-at="2022-10-25T13:46:12 BDT" name="beforeMethod" finished-at="2022-10-25T13:46:18 BDT" duration-ms="5255" status="PASS">
          <reporter-output>
          </reporter-output>
        </test-method> <!-- beforeMethod -->
        <test-method signature="urlValidation()[pri:1, instance:com.internet.herokuapp.testCases.ABTesting@479460a6]" started-at="2022-10-25T13:46:18 BDT" name="urlValidation" description="URL Validation" finished-at="2022-10-25T13:46:18 BDT" duration-ms="14" status="PASS">
          <reporter-output>
          </reporter-output>
        </test-method> <!-- urlValidation -->
        <test-method is-config="true" signature="afterTest()[pri:0, instance:com.internet.herokuapp.testCases.ABTesting@479460a6]" started-at="2022-10-25T13:46:18 BDT" name="afterTest" finished-at="2022-10-25T13:46:18 BDT" duration-ms="1" status="PASS">
          <reporter-output>
          </reporter-output>
        </test-method> <!-- afterTest -->
        <test-method is-config="true" signature="beforeMethod()[pri:0, instance:com.internet.herokuapp.testCases.ABTesting@479460a6]" started-at="2022-10-25T13:46:18 BDT" name="beforeMethod" finished-at="2022-10-25T13:46:20 BDT" duration-ms="2309" status="PASS">
          <reporter-output>
          </reporter-output>
        </test-method> <!-- beforeMethod -->
        <test-method signature="abTesting()[pri:2, instance:com.internet.herokuapp.testCases.ABTesting@479460a6]" started-at="2022-10-25T13:46:20 BDT" name="abTesting" description="Element Validation" finished-at="2022-10-25T13:46:23 BDT" duration-ms="3362" status="PASS">
          <reporter-output>
          </reporter-output>
        </test-method> <!-- abTesting -->
        <test-method is-config="true" signature="afterTest()[pri:0, instance:com.internet.herokuapp.testCases.ABTesting@479460a6]" started-at="2022-10-25T13:46:23 BDT" name="afterTest" finished-at="2022-10-25T13:46:23 BDT" duration-ms="0" status="PASS">
          <reporter-output>
          </reporter-output>
        </test-method> <!-- afterTest -->
        <test-method is-config="true" signature="afterClass()[pri:0, instance:com.internet.herokuapp.testCases.ABTesting@479460a6]" started-at="2022-10-25T13:46:23 BDT" name="afterClass" finished-at="2022-10-25T13:46:24 BDT" duration-ms="551" status="PASS">
          <reporter-output>
          </reporter-output>
        </test-method> <!-- afterClass -->
      </class> <!-- com.internet.herokuapp.testCases.ABTesting -->
      <class name="com.internet.herokuapp.testCases.AddRemoveElement">
        <test-method is-config="true" signature="beforeClass()[pri:0, instance:com.internet.herokuapp.testCases.AddRemoveElement@56673b2c]" started-at="2022-10-25T13:46:24 BDT" name="beforeClass" finished-at="2022-10-25T13:46:25 BDT" duration-ms="1076" status="PASS">
          <reporter-output>
          </reporter-output>
        </test-method> <!-- beforeClass -->
        <test-method is-config="true" signature="beforeMethod()[pri:0, instance:com.internet.herokuapp.testCases.AddRemoveElement@56673b2c]" started-at="2022-10-25T13:46:25 BDT" name="beforeMethod" finished-at="2022-10-25T13:46:33 BDT" duration-ms="8198" status="PASS">
          <reporter-output>
          </reporter-output>
        </test-method> <!-- beforeMethod -->
        <test-method signature="addRemoveElement()[pri:0, instance:com.internet.herokuapp.testCases.AddRemoveElement@56673b2c]" started-at="2022-10-25T13:46:33 BDT" name="addRemoveElement" finished-at="2022-10-25T13:46:33 BDT" duration-ms="1" status="PASS">
          <reporter-output>
          </reporter-output>
        </test-method> <!-- addRemoveElement -->
        <test-method is-config="true" signature="afterClass()[pri:0, instance:com.internet.herokuapp.testCases.AddRemoveElement@56673b2c]" started-at="2022-10-25T13:46:33 BDT" name="afterClass" finished-at="2022-10-25T13:46:34 BDT" duration-ms="556" status="PASS">
          <reporter-output>
          </reporter-output>
        </test-method> <!-- afterClass -->
        <test-method is-config="true" signature="afterTest()[pri:0, instance:com.internet.herokuapp.testCases.AddRemoveElement@56673b2c]" started-at="2022-10-25T13:46:33 BDT" name="afterTest" finished-at="2022-10-25T13:46:33 BDT" duration-ms="0" status="PASS">
          <reporter-output>
          </reporter-output>
        </test-method> <!-- afterTest -->
      </class> <!-- com.internet.herokuapp.testCases.AddRemoveElement -->
    </test> <!-- UITest -->
  </suite> <!-- Regression -->
</testng-results>
