<?xml version="1.0" encoding="UTF-8"?>
<!-- Generated by org.testng.reporters.JUnitXMLReporter -->
<testsuite ignored="0" hostname="DESKTOP-C6OQV70" failures="0" tests="3" name="UITest" time="23.414" errors="0" timestamp="2022-10-25T13:46:34 BDT">
  <testcase classname="com.internet.herokuapp.testCases.ABTesting" name="urlValidation" time="0.014"/>
  <testcase classname="com.internet.herokuapp.testCases.ABTesting" name="abTesting" time="3.362"/>
  <testcase classname="com.internet.herokuapp.testCases.AddRemoveElement" name="addRemoveElement" time="0.001"/>
</testsuite> <!-- UITest -->
